<?xml version="1.0" encoding="UTF-8"?>
<!-- Generated by org.testng.reporters.JUnitReportReporter -->
<testsuite hostname="LAPTOP-2G0S2PDV" failures="0" tests="2" name="com.shopping.qa.testcases.HomePageTest" time="15.799" errors="1" timestamp="2021-02-04T13:06:52 IST" skipped="1">
  <testcase classname="com.shopping.qa.testcases.HomePageTest" name="setup" time="15.799">
    <error message="Unresolved compilation problems: 
	The field BrowserUtility.driver is not visible
	The field BrowserUtility.driver is not visible
" type="java.lang.Error">
      <![CDATA[java.lang.Error: Unresolved compilation problems: 
The field BrowserUtility.driver is not visible
The field BrowserUtility.driver is not visible

at com.shopping.qa.pages.LoginPage.<init>(LoginPage.java:24)
at com.shopping.qa.testcases.LandingPage.goToLoginPage(LandingPage.java:14)
at com.shopping.qa.testcases.HomePageTest.setup(HomePageTest.java:37)
at java.base/jdk.internal.reflect.NativeMethodAccessorImpl.invoke0(Native Method)
at java.base/jdk.internal.reflect.NativeMethodAccessorImpl.invoke(NativeMethodAccessorImpl.java:62)
at java.base/jdk.internal.reflect.DelegatingMethodAccessorImpl.invoke(DelegatingMethodAccessorImpl.java:43)
at java.base/java.lang.reflect.Method.invoke(Method.java:564)
at org.testng.internal.MethodInvocationHelper.invokeMethod(MethodInvocationHelper.java:132)
at org.testng.internal.MethodInvocationHelper.invokeMethodConsideringTimeout(MethodInvocationHelper.java:61)
at org.testng.internal.ConfigInvoker.invokeConfigurationMethod(ConfigInvoker.java:366)
at org.testng.internal.ConfigInvoker.invokeConfigurations(ConfigInvoker.java:320)
at org.testng.TestRunner.invokeTestConfigurations(TestRunner.java:617)
at org.testng.TestRunner.beforeRun(TestRunner.java:607)
at org.testng.TestRunner.run(TestRunner.java:578)
at org.testng.SuiteRunner.runTest(SuiteRunner.java:384)
at org.testng.SuiteRunner.runSequentially(SuiteRunner.java:378)
at org.testng.SuiteRunner.privateRun(SuiteRunner.java:337)
at org.testng.SuiteRunner.run(SuiteRunner.java:286)
at org.testng.SuiteRunnerWorker.runSuite(SuiteRunnerWorker.java:53)
at org.testng.SuiteRunnerWorker.run(SuiteRunnerWorker.java:96)
at org.testng.TestNG.runSuitesSequentially(TestNG.java:1218)
at org.testng.TestNG.runSuitesLocally(TestNG.java:1140)
at org.testng.TestNG.runSuites(TestNG.java:1069)
at org.testng.TestNG.run(TestNG.java:1037)
at org.testng.remote.AbstractRemoteTestNG.run(AbstractRemoteTestNG.java:115)
at org.testng.remote.RemoteTestNG.initAndRun(RemoteTestNG.java:251)
at org.testng.remote.RemoteTestNG.main(RemoteTestNG.java:77)
]]>
    </error>
  </testcase> <!-- setup -->
  <system-out/>
  <testcase classname="com.shopping.qa.testcases.HomePageTest" name="navigateToMyAddress" time="0.000">
    <skipped/>
  </testcase> <!-- navigateToMyAddress -->
  <system-out/>
</testsuite> <!-- com.shopping.qa.testcases.HomePageTest -->
