<?xml version="1.0" encoding="UTF-8"?>
<!-- Generated by org.testng.reporters.JUnitReportReporter -->
<testsuite hostname="LAPTOP-2G0S2PDV" failures="0" tests="1" name="com.shopping.qa.testcases.LoginPageTest" time="14.146" errors="0" timestamp="05 Feb 2021 07:13:57 GMT" skipped="0">
  <testcase classname="com.shopping.qa.testcases.LoginPageTest" name="loginTest" time="14.146"/>
</testsuite> <!-- com.shopping.qa.testcases.LoginPageTest -->
