<?xml version="1.0" encoding="UTF-8"?>
<!-- Generated by org.testng.reporters.JUnitReportReporter -->
<testsuite skipped="0" hostname="LAPTOP-LEI7GM17" name="com.shopping.qa.testcases.MyAddressesPageTest2" tests="1" failures="0" timestamp="04 Feb 2021 10:26:57 GMT" time="27.022" errors="0">
  <testcase name="addNewAddressTest" time="27.022" classname="com.shopping.qa.testcases.MyAddressesPageTest2"/>
</testsuite> <!-- com.shopping.qa.testcases.MyAddressesPageTest2 -->
