<?xml version="1.0" encoding="UTF-8"?>
<!-- Generated by org.testng.reporters.JUnitReportReporter -->
<testsuite hostname="LAPTOP-2G0S2PDV" failures="0" tests="2" name="com.shopping.qa.testcases.DressCategoryPageTest" time="45.504" errors="0" timestamp="05 Feb 2021 10:26:50 GMT" skipped="0">
  <testcase classname="com.shopping.qa.testcases.DressCategoryPageTest" name="addProduct" time="22.394"/>
  <testcase classname="com.shopping.qa.testcases.DressCategoryPageTest" name="checkoutProcess" time="23.110"/>
</testsuite> <!-- com.shopping.qa.testcases.DressCategoryPageTest -->
